2023-06-03 21:02:58.527 DEBUG 8376 --- [http-nio-8101-exec-6] o.a.tomcat.util.net.SocketWrapperBase    : Socket: [org.apache.tomcat.util.net.NioEndpoint$NioSocketWrapper@4d657804:org.apache.tomcat.util.net.NioChannel@51991fd1:java.nio.channels.SocketChannel[connected local=/[0:0:0:0:0:0:0:1]:8101 remote=/[0:0:0:0:0:0:0:1]:65469]], Read from buffer: [0]
2023-06-03 21:02:58.527 DEBUG 8376 --- [http-nio-8101-exec-6] org.apache.tomcat.util.net.NioEndpoint   : Socket: [org.apache.tomcat.util.net.NioEndpoint$NioSocketWrapper@4d657804:org.apache.tomcat.util.net.NioChannel@51991fd1:java.nio.channels.SocketChannel[connected local=/[0:0:0:0:0:0:0:1]:8101 remote=/[0:0:0:0:0:0:0:1]:65469]], Read direct from socket: [575]
2023-06-03 21:02:58.527 DEBUG 8376 --- [http-nio-8101-exec-6] o.a.coyote.http11.Http11InputBuffer      : Received [OPTIONS /exam/api/sys/user/update HTTP/1.1
Host: localhost:8101
Connection: keep-alive
Accept: */*
Access-Control-Request-Method: POST
Access-Control-Request-Headers: content-type,token
Origin: http://localhost:9527
User-Agent: Mozilla/5.0 (Windows NT 10.0; Win64; x64) AppleWebKit/537.36 (KHTML, like Gecko) Chrome/113.0.0.0 Safari/537.36 Edg/113.0.1774.57
Sec-Fetch-Mode: cors
Sec-Fetch-Site: same-site
Sec-Fetch-Dest: empty
Referer: http://localhost:9527/
Accept-Encoding: gzip, deflate, br
Accept-Language: zh-CN,zh;q=0.9,en;q=0.8,en-GB;q=0.7,en-US;q=0.6

]
2023-06-03 21:02:58.549 DEBUG 8376 --- [http-nio-8101-exec-6] o.a.c.authenticator.AuthenticatorBase    : Security checking request OPTIONS /exam/api/sys/user/update
2023-06-03 21:02:58.549 DEBUG 8376 --- [http-nio-8101-exec-6] org.apache.catalina.realm.RealmBase      :   No applicable constraints defined
2023-06-03 21:02:58.549 DEBUG 8376 --- [http-nio-8101-exec-6] o.a.c.authenticator.AuthenticatorBase    :  Not subject to any constraint
2023-06-03 21:02:58.549 DEBUG 8376 --- [http-nio-8101-exec-6] o.a.tomcat.util.net.SocketWrapperBase    : Socket: [org.apache.tomcat.util.net.NioEndpoint$NioSocketWrapper@4d657804:org.apache.tomcat.util.net.NioChannel@51991fd1:java.nio.channels.SocketChannel[connected local=/[0:0:0:0:0:0:0:1]:8101 remote=/[0:0:0:0:0:0:0:1]:65469]], Read from buffer: [0]
2023-06-03 21:02:58.549 DEBUG 8376 --- [http-nio-8101-exec-6] org.apache.tomcat.util.net.NioEndpoint   : Socket: [org.apache.tomcat.util.net.NioEndpoint$NioSocketWrapper@4d657804:org.apache.tomcat.util.net.NioChannel@51991fd1:java.nio.channels.SocketChannel[connected local=/[0:0:0:0:0:0:0:1]:8101 remote=/[0:0:0:0:0:0:0:1]:65469]], Read direct from socket: [0]
2023-06-03 21:02:58.549 DEBUG 8376 --- [http-nio-8101-exec-6] o.apache.coyote.http11.Http11Processor   : Socket: [org.apache.tomcat.util.net.NioEndpoint$NioSocketWrapper@4d657804:org.apache.tomcat.util.net.NioChannel@51991fd1:java.nio.channels.SocketChannel[connected local=/[0:0:0:0:0:0:0:1]:8101 remote=/[0:0:0:0:0:0:0:1]:65469]], Status in: [OPEN_READ], State out: [OPEN]
2023-06-03 21:02:58.549 DEBUG 8376 --- [http-nio-8101-exec-7] o.a.tomcat.util.net.SocketWrapperBase    : Socket: [org.apache.tomcat.util.net.NioEndpoint$NioSocketWrapper@4d657804:org.apache.tomcat.util.net.NioChannel@51991fd1:java.nio.channels.SocketChannel[connected local=/[0:0:0:0:0:0:0:1]:8101 remote=/[0:0:0:0:0:0:0:1]:65469]], Read from buffer: [0]
2023-06-03 21:02:58.549 DEBUG 8376 --- [http-nio-8101-exec-7] org.apache.tomcat.util.net.NioEndpoint   : Socket: [org.apache.tomcat.util.net.NioEndpoint$NioSocketWrapper@4d657804:org.apache.tomcat.util.net.NioChannel@51991fd1:java.nio.channels.SocketChannel[connected local=/[0:0:0:0:0:0:0:1]:8101 remote=/[0:0:0:0:0:0:0:1]:65469]], Read direct from socket: [982]
2023-06-03 21:02:58.549 DEBUG 8376 --- [http-nio-8101-exec-7] o.a.coyote.http11.Http11InputBuffer      : Received [POST /exam/api/sys/user/update HTTP/1.1
Host: localhost:8101
Connection: keep-alive
Content-Length: 143
sec-ch-ua: "Microsoft Edge";v="113", "Chromium";v="113", "Not-A.Brand";v="24"
Accept: application/json, text/plain, */*
Content-Type: application/json
sec-ch-ua-mobile: ?0
User-Agent: Mozilla/5.0 (Windows NT 10.0; Win64; x64) AppleWebKit/537.36 (KHTML, like Gecko) Chrome/113.0.0.0 Safari/537.36 Edg/113.0.1774.57
token: eyJ0eXAiOiJKV1QiLCJhbGciOiJIUzI1NiJ9.eyJleHAiOjE2ODU4ODMzNDIsInVzZXJuYW1lIjoicGVyc29uIn0.re29Z4BAU_RgJnktLoh6oyWYYVVMEqtjxwtN1ZAOibE
sec-ch-ua-platform: "Windows"
Origin: http://localhost:9527
Sec-Fetch-Site: same-site
Sec-Fetch-Mode: cors
Sec-Fetch-Dest: empty
Referer: http://localhost:9527/
Accept-Encoding: gzip, deflate, br
Accept-Language: zh-CN,zh;q=0.9,en;q=0.8,en-GB;q=0.7,en-US;q=0.6

{"name":"å¼ å°æ","departId":"åå¼å¤§å­¦","phone":"2134324234354","chnid":"02343893748274893","email":"admin@test.com","password":"person"}]
2023-06-03 21:02:58.557 DEBUG 8376 --- [http-nio-8101-exec-7] o.a.c.authenticator.AuthenticatorBase    : Security checking request POST /exam/api/sys/user/update
2023-06-03 21:02:58.557 DEBUG 8376 --- [http-nio-8101-exec-7] org.apache.catalina.realm.RealmBase      :   No applicable constraints defined
2023-06-03 21:02:58.557 DEBUG 8376 --- [http-nio-8101-exec-7] o.a.c.authenticator.AuthenticatorBase    :  Not subject to any constraint
2023-06-03 21:02:58.558 DEBUG 8376 --- [http-nio-8101-exec-7] org.apache.tomcat.util.http.Parameters   : Set encoding to UTF-8
2023-06-03 21:02:58.558 DEBUG 8376 --- [http-nio-8101-exec-7] com.yf.exam.ability.shiro.ShiroRealm     : ++++++++++校验用户token： eyJ0eXAiOiJKV1QiLCJhbGciOiJIUzI1NiJ9.eyJleHAiOjE2ODU4ODMzNDIsInVzZXJuYW1lIjoicGVyc29uIn0.re29Z4BAU_RgJnktLoh6oyWYYVVMEqtjxwtN1ZAOibE
2023-06-03 21:02:58.558 DEBUG 8376 --- [http-nio-8101-exec-7] com.yf.exam.ability.shiro.ShiroRealm     : ++++++++++用户名： person
2023-06-03 21:02:58.558 DEBUG 8376 --- [http-nio-8101-exec-7] org.mybatis.spring.SqlSessionUtils       : Creating a new SqlSession
2023-06-03 21:02:58.558 DEBUG 8376 --- [http-nio-8101-exec-7] org.mybatis.spring.SqlSessionUtils       : SqlSession [org.apache.ibatis.session.defaults.DefaultSqlSession@4660a444] was not registered for synchronization because synchronization is not active
2023-06-03 21:02:58.558 DEBUG 8376 --- [http-nio-8101-exec-7] o.s.jdbc.datasource.DataSourceUtils      : Fetching JDBC Connection from DataSource
2023-06-03 21:02:58.558 DEBUG 8376 --- [http-nio-8101-exec-7] o.m.s.t.SpringManagedTransaction         : JDBC Connection [com.mysql.cj.jdbc.ConnectionImpl@4227a09e] will not be managed by Spring
2023-06-03 21:02:58.558 DEBUG 8376 --- [http-nio-8101-exec-7] c.y.e.m.s.u.m.SysUserMapper.selectList   : ==>  Preparing: SELECT id,user_name,real_name,password,phone,chnid,salt,role_ids,depart_id,create_time,update_time,state FROM sys_user WHERE (user_name = ?)
2023-06-03 21:02:58.558 DEBUG 8376 --- [http-nio-8101-exec-7] c.y.e.m.s.u.m.SysUserMapper.selectList   : ==> Parameters: person(String)
2023-06-03 21:02:58.558 DEBUG 8376 --- [http-nio-8101-exec-7] c.y.e.m.s.u.m.SysUserMapper.selectList   : <==      Total: 1
2023-06-03 21:02:58.558 DEBUG 8376 --- [http-nio-8101-exec-7] org.mybatis.spring.SqlSessionUtils       : Closing non transactional SqlSession [org.apache.ibatis.session.defaults.DefaultSqlSession@4660a444]
2023-06-03 21:02:58.558 DEBUG 8376 --- [http-nio-8101-exec-7] org.dozer.fieldmap.FieldMap              : Getting ready to invoke write method on the destination object. Dest Obj: SysUserLoginDTO, Dest value: Mon Apr 20 14:41:35 CST 2020
2023-06-03 21:02:58.558 DEBUG 8376 --- [http-nio-8101-exec-7] org.dozer.MappingProcessor               : MAPPED: SysUser.updateTime --> SysUserLoginDTO.updateTime    VALUES: Mon Apr 20 14:41:35 CST 2020 --> Mon Apr 20 14:41:35 CST 2020    MAPID: 
2023-06-03 21:02:58.558 DEBUG 8376 --- [http-nio-8101-exec-7] org.dozer.fieldmap.FieldMap              : Getting ready to invoke write method on the destination object. Dest Obj: SysUserLoginDTO, Dest value: person
2023-06-03 21:02:58.558 DEBUG 8376 --- [http-nio-8101-exec-7] org.dozer.MappingProcessor               : MAPPED: SysUser.userName --> SysUserLoginDTO.userName    VALUES: person --> person    MAPID: 
2023-06-03 21:02:58.558 DEBUG 8376 --- [http-nio-8101-exec-7] org.dozer.fieldmap.FieldMap              : Getting ready to invoke write method on the destination object. Dest Obj: SysUserLoginDTO, Dest value: 张小明
2023-06-03 21:02:58.558 DEBUG 8376 --- [http-nio-8101-exec-7] org.dozer.MappingProcessor               : MAPPED: SysUser.realName --> SysUserLoginDTO.realName    VALUES: 张小明 --> 张小明    MAPID: 
2023-06-03 21:02:58.558 DEBUG 8376 --- [http-nio-8101-exec-7] org.dozer.fieldmap.FieldMap              : Getting ready to invoke write method on the destination object. Dest Obj: SysUserLoginDTO, Dest value: student
2023-06-03 21:02:58.558 DEBUG 8376 --- [http-nio-8101-exec-7] org.dozer.MappingProcessor               : MAPPED: SysUser.roleIds --> SysUserLoginDTO.roleIds    VALUES: student --> student    MAPID: 
2023-06-03 21:02:58.558 DEBUG 8376 --- [http-nio-8101-exec-7] org.dozer.fieldmap.FieldMap              : Getting ready to invoke write method on the destination object. Dest Obj: SysUserLoginDTO, Dest value: Mon Apr 20 14:41:35 CST 2020
2023-06-03 21:02:58.558 DEBUG 8376 --- [http-nio-8101-exec-7] org.dozer.MappingProcessor               : MAPPED: SysUser.createTime --> SysUserLoginDTO.createTime    VALUES: Mon Apr 20 14:41:35 CST 2020 --> Mon Apr 20 14:41:35 CST 2020    MAPID: 
2023-06-03 21:02:58.558 DEBUG 8376 --- [http-nio-8101-exec-7] org.dozer.fieldmap.FieldMap              : Getting ready to invoke write method on the destination object. Dest Obj: SysUserLoginDTO, Dest value: i
2023-06-03 21:02:58.558 DEBUG 8376 --- [http-nio-8101-exec-7] org.dozer.MappingProcessor               : MAPPED: SysUser.departId --> SysUserLoginDTO.departId    VALUES: i --> i    MAPID: 
2023-06-03 21:02:58.558 DEBUG 8376 --- [http-nio-8101-exec-7] org.dozer.fieldmap.FieldMap              : Getting ready to invoke write method on the destination object. Dest Obj: SysUserLoginDTO, Dest value: 1252125239901696002
2023-06-03 21:02:58.558 DEBUG 8376 --- [http-nio-8101-exec-7] org.dozer.MappingProcessor               : MAPPED: SysUser.id --> SysUserLoginDTO.id    VALUES: 1252125239901696002 --> 1252125239901696002    MAPID: 
2023-06-03 21:02:58.558 DEBUG 8376 --- [http-nio-8101-exec-7] o.a.c.b.converters.IntegerConverter      : Converting 'Integer' value '0' to type 'Integer'
2023-06-03 21:02:58.558 DEBUG 8376 --- [http-nio-8101-exec-7] o.a.c.b.converters.IntegerConverter      :     No conversion required, value is already a Integer
2023-06-03 21:02:58.558 DEBUG 8376 --- [http-nio-8101-exec-7] org.dozer.fieldmap.FieldMap              : Getting ready to invoke write method on the destination object. Dest Obj: SysUserLoginDTO, Dest value: 0
2023-06-03 21:02:58.558 DEBUG 8376 --- [http-nio-8101-exec-7] org.dozer.MappingProcessor               : MAPPED: SysUser.state --> SysUserLoginDTO.state    VALUES: 0 --> 0    MAPID: 
2023-06-03 21:02:58.558 DEBUG 8376 --- [http-nio-8101-exec-7] org.mybatis.spring.SqlSessionUtils       : Creating a new SqlSession
2023-06-03 21:02:58.558 DEBUG 8376 --- [http-nio-8101-exec-7] org.mybatis.spring.SqlSessionUtils       : SqlSession [org.apache.ibatis.session.defaults.DefaultSqlSession@601609f] was not registered for synchronization because synchronization is not active
2023-06-03 21:02:58.558 DEBUG 8376 --- [http-nio-8101-exec-7] o.s.jdbc.datasource.DataSourceUtils      : Fetching JDBC Connection from DataSource
2023-06-03 21:02:58.558 DEBUG 8376 --- [http-nio-8101-exec-7] o.m.s.t.SpringManagedTransaction         : JDBC Connection [com.mysql.cj.jdbc.ConnectionImpl@4227a09e] will not be managed by Spring
2023-06-03 21:02:58.572 DEBUG 8376 --- [http-nio-8101-exec-7] c.y.e.m.s.u.m.S.selectList               : ==>  Preparing: SELECT id,user_id,role_id FROM sys_user_role WHERE (user_id = ?)
2023-06-03 21:02:58.572 DEBUG 8376 --- [http-nio-8101-exec-7] c.y.e.m.s.u.m.S.selectList               : ==> Parameters: 1252125239901696002(String)
2023-06-03 21:02:58.572 DEBUG 8376 --- [http-nio-8101-exec-7] c.y.e.m.s.u.m.S.selectList               : <==      Total: 1
2023-06-03 21:02:58.572 DEBUG 8376 --- [http-nio-8101-exec-7] org.mybatis.spring.SqlSessionUtils       : Closing non transactional SqlSession [org.apache.ibatis.session.defaults.DefaultSqlSession@601609f]
2023-06-03 21:02:58.575 DEBUG 8376 --- [http-nio-8101-exec-7] o.a.shiro.realm.AuthenticatingRealm      : Looked up AuthenticationInfo [SysUserLoginDTO(id=1252125239901696002, userName=person, realName=张小明, roleIds=student, departId=i, createTime=Mon Apr 20 14:41:35 CST 2020, updateTime=Mon Apr 20 14:41:35 CST 2020, state=0, roles=[student], token=eyJ0eXAiOiJKV1QiLCJhbGciOiJIUzI1NiJ9.eyJleHAiOjE2ODU4ODM3NzgsInVzZXJuYW1lIjoicGVyc29uIn0.AchOrGIfr26fd9A5zlssgeROs_1j9XIiOmp0nvog7LU)] from doGetAuthenticationInfo
2023-06-03 21:02:58.575 DEBUG 8376 --- [http-nio-8101-exec-7] o.a.shiro.realm.AuthenticatingRealm      : AuthenticationInfo caching is disabled for info [SysUserLoginDTO(id=1252125239901696002, userName=person, realName=张小明, roleIds=student, departId=i, createTime=Mon Apr 20 14:41:35 CST 2020, updateTime=Mon Apr 20 14:41:35 CST 2020, state=0, roles=[student], token=eyJ0eXAiOiJKV1QiLCJhbGciOiJIUzI1NiJ9.eyJleHAiOjE2ODU4ODM3NzgsInVzZXJuYW1lIjoicGVyc29uIn0.AchOrGIfr26fd9A5zlssgeROs_1j9XIiOmp0nvog7LU)].  Submitted token: [JwtToken(token=eyJ0eXAiOiJKV1QiLCJhbGciOiJIUzI1NiJ9.eyJleHAiOjE2ODU4ODMzNDIsInVzZXJuYW1lIjoicGVyc29uIn0.re29Z4BAU_RgJnktLoh6oyWYYVVMEqtjxwtN1ZAOibE)].
2023-06-03 21:02:58.575 DEBUG 8376 --- [http-nio-8101-exec-7] o.a.s.a.c.SimpleCredentialsMatcher       : Performing credentials equality check for tokenCredentials of type [java.lang.String and accountCredentials of type [java.lang.String]
2023-06-03 21:02:58.575 DEBUG 8376 --- [http-nio-8101-exec-7] o.a.s.a.c.SimpleCredentialsMatcher       : Both credentials arguments can be easily converted to byte arrays.  Performing array equals comparison
2023-06-03 21:02:58.575 DEBUG 8376 --- [http-nio-8101-exec-7] o.a.shiro.authc.AbstractAuthenticator    : Authentication successful for token [JwtToken(token=eyJ0eXAiOiJKV1QiLCJhbGciOiJIUzI1NiJ9.eyJleHAiOjE2ODU4ODMzNDIsInVzZXJuYW1lIjoicGVyc29uIn0.re29Z4BAU_RgJnktLoh6oyWYYVVMEqtjxwtN1ZAOibE)].  Returned account [SysUserLoginDTO(id=1252125239901696002, userName=person, realName=张小明, roleIds=student, departId=i, createTime=Mon Apr 20 14:41:35 CST 2020, updateTime=Mon Apr 20 14:41:35 CST 2020, state=0, roles=[student], token=eyJ0eXAiOiJKV1QiLCJhbGciOiJIUzI1NiJ9.eyJleHAiOjE2ODU4ODM3NzgsInVzZXJuYW1lIjoicGVyc29uIn0.AchOrGIfr26fd9A5zlssgeROs_1j9XIiOmp0nvog7LU)]
2023-06-03 21:02:58.575 DEBUG 8376 --- [http-nio-8101-exec-7] o.apache.shiro.web.servlet.SimpleCookie  : Added HttpServletResponse Cookie [rememberMe=deleteMe; Path=/; Max-Age=0; Expires=Fri, 02-Jun-2023 13:02:58 GMT; SameSite=lax]
2023-06-03 21:02:58.575 DEBUG 8376 --- [http-nio-8101-exec-7] o.a.shiro.mgt.AbstractRememberMeManager  : AuthenticationToken did not indicate RememberMe is requested.  RememberMe functionality will not be executed for corresponding account.
2023-06-03 21:02:58.575 DEBUG 8376 --- [http-nio-8101-exec-7] o.s.web.servlet.DispatcherServlet        : POST "/exam/api/sys/user/update", parameters={}
2023-06-03 21:02:58.575 DEBUG 8376 --- [http-nio-8101-exec-7] pertySourcedRequestMappingHandlerMapping : looking up handler for path: /exam/api/sys/user/update
2023-06-03 21:02:58.578 DEBUG 8376 --- [http-nio-8101-exec-7] s.w.s.m.m.a.RequestMappingHandlerMapping : Mapped to public com.yf.exam.core.api.ApiRest com.yf.exam.modules.sys.user.controller.SysUserController.update(com.yf.exam.modules.sys.user.dto.SysUserDTO)
2023-06-03 21:02:58.579 DEBUG 8376 --- [http-nio-8101-exec-7] m.m.a.RequestResponseBodyMethodProcessor : Read "application/json;charset=UTF-8" to [SysUserDTO(id=null, userName=null, realName=null, password=person, phone=2134324234354, chnid=023438 (truncated)...]
2023-06-03 21:02:58.580 DEBUG 8376 --- [http-nio-8101-exec-7] org.mybatis.spring.SqlSessionUtils       : Creating a new SqlSession
2023-06-03 21:02:58.580 DEBUG 8376 --- [http-nio-8101-exec-7] org.mybatis.spring.SqlSessionUtils       : SqlSession [org.apache.ibatis.session.defaults.DefaultSqlSession@260baa92] was not registered for synchronization because synchronization is not active
2023-06-03 21:02:58.580 DEBUG 8376 --- [http-nio-8101-exec-7] o.s.jdbc.datasource.DataSourceUtils      : Fetching JDBC Connection from DataSource
2023-06-03 21:02:58.580 DEBUG 8376 --- [http-nio-8101-exec-7] o.m.s.t.SpringManagedTransaction         : JDBC Connection [com.mysql.cj.jdbc.ConnectionImpl@4227a09e] will not be managed by Spring
2023-06-03 21:02:58.583 DEBUG 8376 --- [http-nio-8101-exec-7] c.y.e.m.s.u.m.SysUserMapper.selectById   : ==>  Preparing: SELECT id,user_name,real_name,password,phone,chnid,salt,role_ids,depart_id,create_time,update_time,state FROM sys_user WHERE id=?
2023-06-03 21:02:58.583 DEBUG 8376 --- [http-nio-8101-exec-7] c.y.e.m.s.u.m.SysUserMapper.selectById   : ==> Parameters: 1252125239901696002(String)
2023-06-03 21:02:58.583 DEBUG 8376 --- [http-nio-8101-exec-7] c.y.e.m.s.u.m.SysUserMapper.selectById   : <==      Total: 1
2023-06-03 21:02:58.583 DEBUG 8376 --- [http-nio-8101-exec-7] org.mybatis.spring.SqlSessionUtils       : Closing non transactional SqlSession [org.apache.ibatis.session.defaults.DefaultSqlSession@260baa92]
2023-06-03 21:02:58.583 DEBUG 8376 --- [http-nio-8101-exec-7] org.mybatis.spring.SqlSessionUtils       : Creating a new SqlSession
2023-06-03 21:02:58.583 DEBUG 8376 --- [http-nio-8101-exec-7] org.mybatis.spring.SqlSessionUtils       : SqlSession [org.apache.ibatis.session.defaults.DefaultSqlSession@347aafd6] was not registered for synchronization because synchronization is not active
2023-06-03 21:02:58.588 DEBUG 8376 --- [http-nio-8101-exec-7] o.s.jdbc.datasource.DataSourceUtils      : Fetching JDBC Connection from DataSource
2023-06-03 21:02:58.588 DEBUG 8376 --- [http-nio-8101-exec-7] o.m.s.t.SpringManagedTransaction         : JDBC Connection [com.mysql.cj.jdbc.ConnectionImpl@4227a09e] will not be managed by Spring
2023-06-03 21:02:58.588 DEBUG 8376 --- [http-nio-8101-exec-7] c.y.e.m.s.u.m.SysUserMapper.updateById   : ==>  Preparing: UPDATE sys_user SET user_name=?, real_name=?, password=?, phone=?, chnid=?, salt=?, role_ids=?, depart_id=?, create_time=?, update_time=?, state=? WHERE id=?
2023-06-03 21:02:58.588 DEBUG 8376 --- [http-nio-8101-exec-7] c.y.e.m.s.u.m.SysUserMapper.updateById   : ==> Parameters: person(String), 张小明(String), 75f3a2fb1256f2e1146b9dd3d5a580c2(String), 2134324234354(String), 02343893748274893(String), CwPNXs(String), student(String), i(String), 2020-04-20 14:41:35.0(Timestamp), 2020-04-20 14:41:35.0(Timestamp), 0(Integer), 1252125239901696002(String)
2023-06-03 21:02:58.600 DEBUG 8376 --- [http-nio-8101-exec-7] c.y.e.m.s.u.m.SysUserMapper.updateById   : <==    Updates: 1
2023-06-03 21:02:58.600 DEBUG 8376 --- [http-nio-8101-exec-7] org.mybatis.spring.SqlSessionUtils       : Closing non transactional SqlSession [org.apache.ibatis.session.defaults.DefaultSqlSession@347aafd6]
2023-06-03 21:02:58.600 DEBUG 8376 --- [http-nio-8101-exec-7] org.mybatis.spring.SqlSessionUtils       : Creating a new SqlSession
2023-06-03 21:02:58.600 DEBUG 8376 --- [http-nio-8101-exec-7] org.mybatis.spring.SqlSessionUtils       : SqlSession [org.apache.ibatis.session.defaults.DefaultSqlSession@36a21e7b] was not registered for synchronization because synchronization is not active
2023-06-03 21:02:58.604 DEBUG 8376 --- [http-nio-8101-exec-7] o.s.jdbc.datasource.DataSourceUtils      : Fetching JDBC Connection from DataSource
2023-06-03 21:02:58.604 DEBUG 8376 --- [http-nio-8101-exec-7] o.m.s.t.SpringManagedTransaction         : JDBC Connection [com.mysql.cj.jdbc.ConnectionImpl@4227a09e] will not be managed by Spring
2023-06-03 21:02:58.607 DEBUG 8376 --- [http-nio-8101-exec-7] c.y.e.m.s.u.m.SysUserMapper.selectById   : ==>  Preparing: SELECT id,user_name,real_name,password,phone,chnid,salt,role_ids,depart_id,create_time,update_time,state FROM sys_user WHERE id=?
2023-06-03 21:02:58.607 DEBUG 8376 --- [http-nio-8101-exec-7] c.y.e.m.s.u.m.SysUserMapper.selectById   : ==> Parameters: 1252125239901696002(String)
2023-06-03 21:02:58.609 DEBUG 8376 --- [http-nio-8101-exec-7] c.y.e.m.s.u.m.SysUserMapper.selectById   : <==      Total: 1
2023-06-03 21:02:58.609 DEBUG 8376 --- [http-nio-8101-exec-7] org.mybatis.spring.SqlSessionUtils       : Closing non transactional SqlSession [org.apache.ibatis.session.defaults.DefaultSqlSession@36a21e7b]
2023-06-03 21:02:58.609 DEBUG 8376 --- [http-nio-8101-exec-7] org.mybatis.spring.SqlSessionUtils       : Creating a new SqlSession
2023-06-03 21:02:58.609 DEBUG 8376 --- [http-nio-8101-exec-7] org.mybatis.spring.SqlSessionUtils       : SqlSession [org.apache.ibatis.session.defaults.DefaultSqlSession@13f0e750] was not registered for synchronization because synchronization is not active
2023-06-03 21:02:58.609 DEBUG 8376 --- [http-nio-8101-exec-7] o.s.jdbc.datasource.DataSourceUtils      : Fetching JDBC Connection from DataSource
2023-06-03 21:02:58.609 DEBUG 8376 --- [http-nio-8101-exec-7] o.m.s.t.SpringManagedTransaction         : JDBC Connection [com.mysql.cj.jdbc.ConnectionImpl@4227a09e] will not be managed by Spring
2023-06-03 21:02:58.609 DEBUG 8376 --- [http-nio-8101-exec-7] c.y.e.m.s.u.m.SysUserMapper.updateById   : ==>  Preparing: UPDATE sys_user SET user_name=?, real_name=?, password=?, phone=?, chnid=?, salt=?, role_ids=?, depart_id=?, create_time=?, update_time=?, state=? WHERE id=?
2023-06-03 21:02:58.609 DEBUG 8376 --- [http-nio-8101-exec-7] c.y.e.m.s.u.m.SysUserMapper.updateById   : ==> Parameters: person(String), 张小明(String), 75f3a2fb1256f2e1146b9dd3d5a580c2(String), 2134324234354(String), 02343893748274893(String), CwPNXs(String), student(String), i(String), 2020-04-20 14:41:35.0(Timestamp), 2020-04-20 14:41:35.0(Timestamp), 0(Integer), 1252125239901696002(String)
2023-06-03 21:02:58.609 DEBUG 8376 --- [http-nio-8101-exec-7] c.y.e.m.s.u.m.SysUserMapper.updateById   : <==    Updates: 1
2023-06-03 21:02:58.609 DEBUG 8376 --- [http-nio-8101-exec-7] org.mybatis.spring.SqlSessionUtils       : Closing non transactional SqlSession [org.apache.ibatis.session.defaults.DefaultSqlSession@13f0e750]
2023-06-03 21:02:58.609 DEBUG 8376 --- [http-nio-8101-exec-7] org.mybatis.spring.SqlSessionUtils       : Creating a new SqlSession
2023-06-03 21:02:58.609 DEBUG 8376 --- [http-nio-8101-exec-7] org.mybatis.spring.SqlSessionUtils       : SqlSession [org.apache.ibatis.session.defaults.DefaultSqlSession@119a1969] was not registered for synchronization because synchronization is not active
2023-06-03 21:02:58.609 DEBUG 8376 --- [http-nio-8101-exec-7] o.s.jdbc.datasource.DataSourceUtils      : Fetching JDBC Connection from DataSource
2023-06-03 21:02:58.609 DEBUG 8376 --- [http-nio-8101-exec-7] o.m.s.t.SpringManagedTransaction         : JDBC Connection [com.mysql.cj.jdbc.ConnectionImpl@4227a09e] will not be managed by Spring
2023-06-03 21:02:58.622 DEBUG 8376 --- [http-nio-8101-exec-7] c.y.e.m.s.u.m.SysUserMapper.selectById   : ==>  Preparing: SELECT id,user_name,real_name,password,phone,chnid,salt,role_ids,depart_id,create_time,update_time,state FROM sys_user WHERE id=?
2023-06-03 21:02:58.622 DEBUG 8376 --- [http-nio-8101-exec-7] c.y.e.m.s.u.m.SysUserMapper.selectById   : ==> Parameters: 1252125239901696002(String)
2023-06-03 21:02:58.622 DEBUG 8376 --- [http-nio-8101-exec-7] c.y.e.m.s.u.m.SysUserMapper.selectById   : <==      Total: 1
2023-06-03 21:02:58.626 DEBUG 8376 --- [http-nio-8101-exec-7] org.mybatis.spring.SqlSessionUtils       : Closing non transactional SqlSession [org.apache.ibatis.session.defaults.DefaultSqlSession@119a1969]
2023-06-03 21:02:58.626 DEBUG 8376 --- [http-nio-8101-exec-7] org.mybatis.spring.SqlSessionUtils       : Creating a new SqlSession
2023-06-03 21:02:58.626 DEBUG 8376 --- [http-nio-8101-exec-7] org.mybatis.spring.SqlSessionUtils       : SqlSession [org.apache.ibatis.session.defaults.DefaultSqlSession@5f514c74] was not registered for synchronization because synchronization is not active
2023-06-03 21:02:58.627 DEBUG 8376 --- [http-nio-8101-exec-7] o.s.jdbc.datasource.DataSourceUtils      : Fetching JDBC Connection from DataSource
2023-06-03 21:02:58.627 DEBUG 8376 --- [http-nio-8101-exec-7] o.m.s.t.SpringManagedTransaction         : JDBC Connection [com.mysql.cj.jdbc.ConnectionImpl@4227a09e] will not be managed by Spring
2023-06-03 21:02:58.629 DEBUG 8376 --- [http-nio-8101-exec-7] c.y.e.m.s.u.m.SysUserMapper.updateById   : ==>  Preparing: UPDATE sys_user SET user_name=?, real_name=?, password=?, phone=?, chnid=?, salt=?, role_ids=?, depart_id=?, create_time=?, update_time=?, state=? WHERE id=?
2023-06-03 21:02:58.630 DEBUG 8376 --- [http-nio-8101-exec-7] c.y.e.m.s.u.m.SysUserMapper.updateById   : ==> Parameters: person(String), 张小明(String), 75f3a2fb1256f2e1146b9dd3d5a580c2(String), 2134324234354(String), 02343893748274893(String), CwPNXs(String), student(String), i(String), 2020-04-20 14:41:35.0(Timestamp), 2020-04-20 14:41:35.0(Timestamp), 0(Integer), 1252125239901696002(String)
2023-06-03 21:02:58.633 DEBUG 8376 --- [http-nio-8101-exec-7] c.y.e.m.s.u.m.SysUserMapper.updateById   : <==    Updates: 1
2023-06-03 21:02:58.634 DEBUG 8376 --- [http-nio-8101-exec-7] org.mybatis.spring.SqlSessionUtils       : Closing non transactional SqlSession [org.apache.ibatis.session.defaults.DefaultSqlSession@5f514c74]
2023-06-03 21:02:58.634 DEBUG 8376 --- [http-nio-8101-exec-7] org.mybatis.spring.SqlSessionUtils       : Creating a new SqlSession
2023-06-03 21:02:58.634 DEBUG 8376 --- [http-nio-8101-exec-7] org.mybatis.spring.SqlSessionUtils       : SqlSession [org.apache.ibatis.session.defaults.DefaultSqlSession@45362b5b] was not registered for synchronization because synchronization is not active
2023-06-03 21:02:58.635 DEBUG 8376 --- [http-nio-8101-exec-7] o.s.jdbc.datasource.DataSourceUtils      : Fetching JDBC Connection from DataSource
2023-06-03 21:02:58.635 DEBUG 8376 --- [http-nio-8101-exec-7] o.m.s.t.SpringManagedTransaction         : JDBC Connection [com.mysql.cj.jdbc.ConnectionImpl@4227a09e] will not be managed by Spring
2023-06-03 21:02:58.638 DEBUG 8376 --- [http-nio-8101-exec-7] c.y.e.m.s.u.m.SysUserMapper.selectById   : ==>  Preparing: SELECT id,user_name,real_name,password,phone,chnid,salt,role_ids,depart_id,create_time,update_time,state FROM sys_user WHERE id=?
2023-06-03 21:02:58.638 DEBUG 8376 --- [http-nio-8101-exec-7] c.y.e.m.s.u.m.SysUserMapper.selectById   : ==> Parameters: 1252125239901696002(String)
2023-06-03 21:02:58.638 DEBUG 8376 --- [http-nio-8101-exec-7] c.y.e.m.s.u.m.SysUserMapper.selectById   : <==      Total: 1
2023-06-03 21:02:58.638 DEBUG 8376 --- [http-nio-8101-exec-7] org.mybatis.spring.SqlSessionUtils       : Closing non transactional SqlSession [org.apache.ibatis.session.defaults.DefaultSqlSession@45362b5b]
2023-06-03 21:02:58.638 DEBUG 8376 --- [http-nio-8101-exec-7] org.mybatis.spring.SqlSessionUtils       : Creating a new SqlSession
2023-06-03 21:02:58.638 DEBUG 8376 --- [http-nio-8101-exec-7] org.mybatis.spring.SqlSessionUtils       : SqlSession [org.apache.ibatis.session.defaults.DefaultSqlSession@242b4516] was not registered for synchronization because synchronization is not active
2023-06-03 21:02:58.638 DEBUG 8376 --- [http-nio-8101-exec-7] o.s.jdbc.datasource.DataSourceUtils      : Fetching JDBC Connection from DataSource
2023-06-03 21:02:58.638 DEBUG 8376 --- [http-nio-8101-exec-7] o.m.s.t.SpringManagedTransaction         : JDBC Connection [com.mysql.cj.jdbc.ConnectionImpl@4227a09e] will not be managed by Spring
2023-06-03 21:02:58.638 DEBUG 8376 --- [http-nio-8101-exec-7] c.y.e.m.s.u.m.SysUserMapper.updateById   : ==>  Preparing: UPDATE sys_user SET user_name=?, real_name=?, password=?, phone=?, chnid=?, salt=?, role_ids=?, depart_id=?, create_time=?, update_time=?, state=? WHERE id=?
2023-06-03 21:02:58.645 DEBUG 8376 --- [http-nio-8101-exec-7] c.y.e.m.s.u.m.SysUserMapper.updateById   : ==> Parameters: person(String), 张小明(String), 75f3a2fb1256f2e1146b9dd3d5a580c2(String), 2134324234354(String), 02343893748274893(String), CwPNXs(String), student(String), 南开大学(String), 2020-04-20 14:41:35.0(Timestamp), 2020-04-20 14:41:35.0(Timestamp), 0(Integer), 1252125239901696002(String)
2023-06-03 21:02:58.651 DEBUG 8376 --- [http-nio-8101-exec-7] c.y.e.m.s.u.m.SysUserMapper.updateById   : <==    Updates: 1
2023-06-03 21:02:58.651 DEBUG 8376 --- [http-nio-8101-exec-7] org.mybatis.spring.SqlSessionUtils       : Closing non transactional SqlSession [org.apache.ibatis.session.defaults.DefaultSqlSession@242b4516]
2023-06-03 21:02:58.651 DEBUG 8376 --- [http-nio-8101-exec-7] m.m.a.RequestResponseBodyMethodProcessor : Using 'application/json;charset=UTF-8', given [application/json, text/plain, */*] and supported [application/json;charset=UTF-8, application/json, application/*+json, application/json, application/*+json]
2023-06-03 21:02:58.651 DEBUG 8376 --- [http-nio-8101-exec-7] m.m.a.RequestResponseBodyMethodProcessor : Writing [ApiRest(msg=请求成功！, code=0, data=null)]
2023-06-03 21:02:58.651 DEBUG 8376 --- [http-nio-8101-exec-7] o.a.c.http11.filters.GzipOutputFilter    : Flushing the compression stream!
2023-06-03 21:02:58.651 DEBUG 8376 --- [http-nio-8101-exec-7] o.s.web.servlet.DispatcherServlet        : Completed 200 OK
2023-06-03 21:02:58.651 DEBUG 8376 --- [http-nio-8101-exec-7] o.a.tomcat.util.net.SocketWrapperBase    : Socket: [org.apache.tomcat.util.net.NioEndpoint$NioSocketWrapper@4d657804:org.apache.tomcat.util.net.NioChannel@51991fd1:java.nio.channels.SocketChannel[connected local=/[0:0:0:0:0:0:0:1]:8101 remote=/[0:0:0:0:0:0:0:1]:65469]], Read from buffer: [0]
2023-06-03 21:02:58.651 DEBUG 8376 --- [http-nio-8101-exec-7] org.apache.tomcat.util.net.NioEndpoint   : Socket: [org.apache.tomcat.util.net.NioEndpoint$NioSocketWrapper@4d657804:org.apache.tomcat.util.net.NioChannel@51991fd1:java.nio.channels.SocketChannel[connected local=/[0:0:0:0:0:0:0:1]:8101 remote=/[0:0:0:0:0:0:0:1]:65469]], Read direct from socket: [0]
2023-06-03 21:02:58.651 DEBUG 8376 --- [http-nio-8101-exec-7] o.apache.coyote.http11.Http11Processor   : Socket: [org.apache.tomcat.util.net.NioEndpoint$NioSocketWrapper@4d657804:org.apache.tomcat.util.net.NioChannel@51991fd1:java.nio.channels.SocketChannel[connected local=/[0:0:0:0:0:0:0:1]:8101 remote=/[0:0:0:0:0:0:0:1]:65469]], Status in: [OPEN_READ], State out: [OPEN]
2023-06-03 21:03:02.475 DEBUG 8376 --- [Catalina-utility-2] org.apache.catalina.session.ManagerBase  : Start expire sessions StandardManager at 1685797382475 sessioncount 0
2023-06-03 21:03:02.477 DEBUG 8376 --- [Catalina-utility-2] org.apache.catalina.session.ManagerBase  : End expire sessions StandardManager processingTime 2 expired sessions: 0
2023-06-03 21:03:59.136 DEBUG 8376 --- [http-nio-8101-exec-8] o.apache.tomcat.util.threads.LimitLatch  : Counting down[http-nio-8101-exec-8] latch=1
2023-06-03 21:03:59.137 DEBUG 8376 --- [http-nio-8101-exec-8] org.apache.tomcat.util.net.NioEndpoint   : Socket: [org.apache.tomcat.util.net.NioChannel@51991fd1:java.nio.channels.SocketChannel[closed]] closed
2023-06-03 21:04:02.537 DEBUG 8376 --- [Catalina-utility-1] org.apache.catalina.session.ManagerBase  : Start expire sessions StandardManager at 1685797442537 sessioncount 0
2023-06-03 21:04:02.538 DEBUG 8376 --- [Catalina-utility-1] org.apache.catalina.session.ManagerBase  : End expire sessions StandardManager processingTime 1 expired sessions: 0
